INFO 2021-11-14 18:37:02,498 data_work Nickname t was received
INFO 2021-11-14 18:37:02,499 data_work Nickname t was received
INFO 2021-11-14 18:37:22,106 data_work Nickname t was received
INFO 2021-11-14 18:37:22,106 data_work Nickname t was received
INFO 2021-11-14 18:37:22,110 data_work User t was authorized
INFO 2021-11-14 18:37:39,907 data_work User Cat was authorized
INFO 2021-11-21 18:10:17,771 data_work User User_1 was authorized
INFO 2021-11-21 18:10:17,773 data_work Nickname User_1 was received
INFO 2021-11-21 18:10:17,776 data_work User User_1 was authorized
INFO 2021-11-21 18:13:30,447 data_work Nickname Cat was received
INFO 2021-11-21 18:13:30,447 data_work Nickname Cat was received
INFO 2021-11-21 18:13:30,667 data_work User Cat was authorized
INFO 2021-11-21 18:17:10,579 data_work User User_1 was authorized
INFO 2021-11-21 18:17:10,581 data_work Nickname User_1 was received
INFO 2021-11-21 18:17:10,584 data_work User User_1 was authorized
INFO 2021-11-21 18:17:24,668 data_work User User_1 was authorized
INFO 2021-11-21 18:17:24,670 data_work Nickname User_1 was received
INFO 2021-11-21 18:17:24,677 data_work User User_1 was authorized
INFO 2021-11-21 18:17:30,985 data_work User User_1 was authorized
INFO 2021-11-21 18:17:30,986 data_work Nickname User_1 was received
INFO 2021-11-21 18:17:30,988 data_work User User_1 was authorized
